\BOOKMARK [1][-]{section.1}{\376\377\000I\000n\000t\000r\000o\000d\000u\000c\000t\000i\000o\000n}{}% 1
\BOOKMARK [1][-]{section.2}{\376\377\000D\000e\000s\000i\000g\000n\000\040\000P\000r\000i\000n\000c\000i\000p\000l\000e\000s}{}% 2
\BOOKMARK [1][-]{section.3}{\376\377\000A\000r\000c\000h\000i\000t\000e\000c\000t\000u\000r\000e}{}% 3
\BOOKMARK [2][-]{subsection.3.1}{\376\377\000L\000a\000y\000e\000r\000\040\0001\000\040\040\024\000\040\000P\000r\000i\000m\000i\000t\000i\000v\000e\000s\000\040\000\050\000c\000o\000d\000e\000k\000g\000.\000p\000y\000\051}{section.3}% 4
\BOOKMARK [2][-]{subsection.3.2}{\376\377\000L\000a\000y\000e\000r\000\040\0002\000\040\040\024\000\040\000C\000o\000d\000e\000G\000r\000a\000p\000h\000\040\000\050\000g\000r\000a\000p\000h\000.\000p\000y\000\051}{section.3}% 5
\BOOKMARK [2][-]{subsection.3.3}{\376\377\000L\000a\000y\000e\000r\000\040\0003\000\040\040\024\000\040\000G\000r\000a\000p\000h\000S\000t\000o\000r\000e\000\040\000\050\000s\000t\000o\000r\000e\000.\000p\000y\000\051}{section.3}% 6
\BOOKMARK [2][-]{subsection.3.4}{\376\377\000L\000a\000y\000e\000r\000\040\0004\000\040\040\024\000\040\000S\000e\000m\000a\000n\000t\000i\000c\000I\000n\000d\000e\000x\000\040\000\050\000i\000n\000d\000e\000x\000.\000p\000y\000\051}{section.3}% 7
\BOOKMARK [2][-]{subsection.3.5}{\376\377\000O\000r\000c\000h\000e\000s\000t\000r\000a\000t\000o\000r\000\040\040\024\000\040\000C\000o\000d\000e\000K\000G\000\040\000\050\000k\000g\000.\000p\000y\000\051}{section.3}% 8
\BOOKMARK [1][-]{section.4}{\376\377\000C\000o\000r\000e\000\040\000D\000a\000t\000a\000\040\000M\000o\000d\000e\000l}{}% 9
\BOOKMARK [2][-]{subsection.4.1}{\376\377\000N\000o\000d\000e\000s}{section.4}% 10
\BOOKMARK [2][-]{subsection.4.2}{\376\377\000E\000d\000g\000e\000s}{section.4}% 11
\BOOKMARK [1][-]{section.5}{\376\377\000B\000u\000i\000l\000d\000\040\000P\000i\000p\000e\000l\000i\000n\000e}{}% 12
\BOOKMARK [2][-]{subsection.5.1}{\376\377\000S\000t\000a\000t\000i\000c\000\040\000A\000n\000a\000l\000y\000s\000i\000s}{section.5}% 13
\BOOKMARK [2][-]{subsection.5.2}{\376\377\000S\000e\000m\000a\000n\000t\000i\000c\000\040\000I\000n\000d\000e\000x\000i\000n\000g}{section.5}% 14
\BOOKMARK [1][-]{section.6}{\376\377\000H\000y\000b\000r\000i\000d\000\040\000Q\000u\000e\000r\000y\000\040\000M\000o\000d\000e\000l}{}% 15
\BOOKMARK [1][-]{section.7}{\376\377\000R\000a\000n\000k\000i\000n\000g\000\040\000a\000n\000d\000\040\000D\000e\000d\000u\000p\000l\000i\000c\000a\000t\000i\000o\000n}{}% 16
\BOOKMARK [1][-]{section.8}{\376\377\000S\000n\000i\000p\000p\000e\000t\000\040\000P\000a\000c\000k\000i\000n\000g}{}% 17
\BOOKMARK [1][-]{section.9}{\376\377\000R\000e\000s\000u\000l\000t\000\040\000T\000y\000p\000e\000s}{}% 18
\BOOKMARK [1][-]{section.10}{\376\377\000M\000C\000P\000\040\000S\000e\000r\000v\000e\000r}{}% 19
\BOOKMARK [1][-]{section.11}{\376\377\000C\000L\000I\000\040\000E\000n\000t\000r\000y\000\040\000P\000o\000i\000n\000t\000s}{}% 20
\BOOKMARK [1][-]{section.12}{\376\377\000E\000n\000d\000-\000t\000o\000-\000E\000n\000d\000\040\000W\000o\000r\000k\000f\000l\000o\000w}{}% 21
\BOOKMARK [1][-]{section.13}{\376\377\000C\000o\000m\000p\000a\000r\000i\000s\000o\000n\000\040\000w\000i\000t\000h\000\040\000L\000L\000M\000-\000C\000o\000n\000s\000t\000r\000u\000c\000t\000e\000d\000\040\000K\000n\000o\000w\000l\000e\000d\000g\000e\000\040\000G\000r\000a\000p\000h\000s}{}% 22
\BOOKMARK [2][-]{subsection.13.1}{\376\377\000G\000r\000a\000p\000h\000\040\000C\000o\000n\000s\000t\000r\000u\000c\000t\000i\000o\000n\000:\000\040\000I\000n\000f\000e\000r\000r\000e\000d\000\040\000v\000s\000.\000\040\000D\000e\000r\000i\000v\000e\000d}{section.13}% 23
\BOOKMARK [2][-]{subsection.13.2}{\376\377\000T\000h\000e\000\040\000I\000n\000v\000e\000r\000s\000i\000o\000n\000\040\000o\000f\000\040\000t\000h\000e\000\040\000L\000L\000M\000\040\000R\000o\000l\000e}{section.13}% 24
\BOOKMARK [2][-]{subsection.13.3}{\376\377\000C\000a\000l\000l\000-\000S\000i\000t\000e\000\040\000E\000v\000i\000d\000e\000n\000c\000e}{section.13}% 25
\BOOKMARK [2][-]{subsection.13.4}{\376\377\000D\000i\000f\000f\000e\000r\000e\000n\000t\000\040\000P\000r\000o\000b\000l\000e\000m\000\040\000D\000o\000m\000a\000i\000n\000s}{section.13}% 26
\BOOKMARK [2][-]{subsection.13.5}{\376\377\000S\000t\000r\000u\000c\000t\000u\000r\000a\000l\000\040\000K\000G\000-\000R\000A\000G}{section.13}% 27
\BOOKMARK [1][-]{section.14}{\376\377\000C\000o\000n\000c\000l\000u\000s\000i\000o\000n}{}% 28
